<?xml version="1.0" encoding="UTF-8"?>
<!-- Generated by org.testng.reporters.JUnitReportReporter -->
<testsuite skipped="0" hostname="DESKTOP-S20E7C4" name="test.AddCustomerTest" tests="1" failures="0" timestamp="2020-07-13T11:23:15 CDT" time="15.083" errors="0">
  <testcase name="validUserShouldBeAbleToAddCustomer" time="15.083" classname="test.AddCustomerTest"/>
  <system-out/>
</testsuite> <!-- test.AddCustomerTest -->
