<?xml version="1.0" encoding="UTF-8"?>
<!-- Generated by org.testng.reporters.JUnitReportReporter -->
<testsuite skipped="0" hostname="DESKTOP-S20E7C4" name="test.LoginTest" tests="1" failures="0" timestamp="2020-07-14T10:01:12 CDT" time="10.305" errors="0">
  <testcase name="validUserShouldBeAbleToLogin" time="10.305" classname="test.LoginTest"/>
  <system-out/>
</testsuite> <!-- test.LoginTest -->
